[0.103s] DEBUG:colcon:Command line arguments: ['/usr/bin/colcon', 'build', '--symlink-install']
[0.103s] DEBUG:colcon:Parsed command line arguments: Namespace(log_base=None, log_level=None, verb_name='build', build_base='build', install_base='install', merge_install=False, symlink_install=True, test_result_base=None, continue_on_error=False, executor='parallel', parallel_workers=12, event_handlers=None, ignore_user_meta=False, metas=['./colcon.meta'], base_paths=['.'], packages_ignore=None, packages_ignore_regex=None, paths=None, packages_up_to=None, packages_up_to_regex=None, packages_above=None, packages_above_and_dependencies=None, packages_above_depth=None, packages_select_by_dep=None, packages_skip_by_dep=None, packages_skip_up_to=None, packages_select_build_failed=False, packages_skip_build_finished=False, packages_select_test_failures=False, packages_skip_test_passed=False, packages_select=None, packages_skip=None, packages_select_regex=None, packages_skip_regex=None, packages_start=None, packages_end=None, allow_overriding=[], cmake_args=None, cmake_target=None, cmake_target_skip_unavailable=False, cmake_clean_cache=False, cmake_clean_first=False, cmake_force_configure=False, ament_cmake_args=None, catkin_cmake_args=None, catkin_skip_building_tests=False, mixin_files=None, mixin=None, verb_parser=<colcon_mixin.mixin.mixin_argument.MixinArgumentDecorator object at 0x78e83f452b90>, verb_extension=<colcon_core.verb.build.BuildVerb object at 0x78e83f452620>, main=<bound method BuildVerb.main of <colcon_core.verb.build.BuildVerb object at 0x78e83f452620>>, mixin_verb=('build',))
[0.263s] Level 1:colcon.colcon_core.package_discovery:discover_packages(colcon_meta) check parameters
[0.263s] Level 1:colcon.colcon_core.package_discovery:discover_packages(recursive) check parameters
[0.264s] Level 1:colcon.colcon_core.package_discovery:discover_packages(ignore) check parameters
[0.264s] Level 1:colcon.colcon_core.package_discovery:discover_packages(path) check parameters
[0.264s] Level 1:colcon.colcon_core.package_discovery:discover_packages(colcon_meta) discover
[0.264s] Level 1:colcon.colcon_core.package_discovery:discover_packages(recursive) discover
[0.264s] INFO:colcon.colcon_core.package_discovery:Crawling recursively for packages in '/home/jeppe/Desktop/Bachelor/colcon_ws/src/orbslam3_ros2/src'
[0.264s] Level 1:colcon.colcon_core.package_identification:_identify(.) by extensions ['ignore', 'ignore_ament_install']
[0.264s] Level 1:colcon.colcon_core.package_identification:_identify(.) by extension 'ignore'
[0.264s] Level 1:colcon.colcon_core.package_identification:_identify(.) by extension 'ignore_ament_install'
[0.264s] Level 1:colcon.colcon_core.package_identification:_identify(.) by extensions ['colcon_pkg']
[0.264s] Level 1:colcon.colcon_core.package_identification:_identify(.) by extension 'colcon_pkg'
[0.264s] Level 1:colcon.colcon_core.package_identification:_identify(.) by extensions ['colcon_meta']
[0.264s] Level 1:colcon.colcon_core.package_identification:_identify(.) by extension 'colcon_meta'
[0.264s] Level 1:colcon.colcon_core.package_identification:_identify(.) by extensions ['ros']
[0.264s] Level 1:colcon.colcon_core.package_identification:_identify(.) by extension 'ros'
[0.291s] Level 1:colcon.colcon_core.package_identification:_identify(.) by extensions ['cmake', 'python']
[0.291s] Level 1:colcon.colcon_core.package_identification:_identify(.) by extension 'cmake'
[0.291s] Level 1:colcon.colcon_core.package_identification:_identify(.) by extension 'python'
[0.291s] Level 1:colcon.colcon_core.package_identification:_identify(.) by extensions ['python_setup_py']
[0.291s] Level 1:colcon.colcon_core.package_identification:_identify(.) by extension 'python_setup_py'
[0.291s] Level 1:colcon.colcon_core.package_identification:_identify(build) by extensions ['ignore', 'ignore_ament_install']
[0.291s] Level 1:colcon.colcon_core.package_identification:_identify(build) by extension 'ignore'
[0.291s] Level 1:colcon.colcon_core.package_identification:_identify(build) ignored
[0.291s] Level 1:colcon.colcon_core.package_identification:_identify(install) by extensions ['ignore', 'ignore_ament_install']
[0.291s] Level 1:colcon.colcon_core.package_identification:_identify(install) by extension 'ignore'
[0.291s] Level 1:colcon.colcon_core.package_identification:_identify(install) ignored
[0.291s] Level 1:colcon.colcon_core.package_identification:_identify(log) by extensions ['ignore', 'ignore_ament_install']
[0.292s] Level 1:colcon.colcon_core.package_identification:_identify(log) by extension 'ignore'
[0.292s] Level 1:colcon.colcon_core.package_identification:_identify(log) ignored
[0.292s] Level 1:colcon.colcon_core.package_identification:_identify(mono-inertial) by extensions ['ignore', 'ignore_ament_install']
[0.292s] Level 1:colcon.colcon_core.package_identification:_identify(mono-inertial) by extension 'ignore'
[0.292s] Level 1:colcon.colcon_core.package_identification:_identify(mono-inertial) by extension 'ignore_ament_install'
[0.292s] Level 1:colcon.colcon_core.package_identification:_identify(mono-inertial) by extensions ['colcon_pkg']
[0.292s] Level 1:colcon.colcon_core.package_identification:_identify(mono-inertial) by extension 'colcon_pkg'
[0.292s] Level 1:colcon.colcon_core.package_identification:_identify(mono-inertial) by extensions ['colcon_meta']
[0.292s] Level 1:colcon.colcon_core.package_identification:_identify(mono-inertial) by extension 'colcon_meta'
[0.292s] Level 1:colcon.colcon_core.package_identification:_identify(mono-inertial) by extensions ['ros']
[0.292s] Level 1:colcon.colcon_core.package_identification:_identify(mono-inertial) by extension 'ros'
[0.292s] Level 1:colcon.colcon_core.package_identification:_identify(mono-inertial) by extensions ['cmake', 'python']
[0.292s] Level 1:colcon.colcon_core.package_identification:_identify(mono-inertial) by extension 'cmake'
[0.292s] Level 1:colcon.colcon_core.package_identification:_identify(mono-inertial) by extension 'python'
[0.292s] Level 1:colcon.colcon_core.package_identification:_identify(mono-inertial) by extensions ['python_setup_py']
[0.292s] Level 1:colcon.colcon_core.package_identification:_identify(mono-inertial) by extension 'python_setup_py'
[0.292s] Level 1:colcon.colcon_core.package_identification:_identify(monocular) by extensions ['ignore', 'ignore_ament_install']
[0.292s] Level 1:colcon.colcon_core.package_identification:_identify(monocular) by extension 'ignore'
[0.292s] Level 1:colcon.colcon_core.package_identification:_identify(monocular) by extension 'ignore_ament_install'
[0.292s] Level 1:colcon.colcon_core.package_identification:_identify(monocular) by extensions ['colcon_pkg']
[0.292s] Level 1:colcon.colcon_core.package_identification:_identify(monocular) by extension 'colcon_pkg'
[0.293s] Level 1:colcon.colcon_core.package_identification:_identify(monocular) by extensions ['colcon_meta']
[0.293s] Level 1:colcon.colcon_core.package_identification:_identify(monocular) by extension 'colcon_meta'
[0.293s] Level 1:colcon.colcon_core.package_identification:_identify(monocular) by extensions ['ros']
[0.293s] Level 1:colcon.colcon_core.package_identification:_identify(monocular) by extension 'ros'
[0.293s] Level 1:colcon.colcon_core.package_identification:_identify(monocular) by extensions ['cmake', 'python']
[0.293s] Level 1:colcon.colcon_core.package_identification:_identify(monocular) by extension 'cmake'
[0.293s] Level 1:colcon.colcon_core.package_identification:_identify(monocular) by extension 'python'
[0.293s] Level 1:colcon.colcon_core.package_identification:_identify(monocular) by extensions ['python_setup_py']
[0.293s] Level 1:colcon.colcon_core.package_identification:_identify(monocular) by extension 'python_setup_py'
[0.293s] Level 1:colcon.colcon_core.package_identification:_identify(rgbd) by extensions ['ignore', 'ignore_ament_install']
[0.293s] Level 1:colcon.colcon_core.package_identification:_identify(rgbd) by extension 'ignore'
[0.293s] Level 1:colcon.colcon_core.package_identification:_identify(rgbd) by extension 'ignore_ament_install'
[0.293s] Level 1:colcon.colcon_core.package_identification:_identify(rgbd) by extensions ['colcon_pkg']
[0.293s] Level 1:colcon.colcon_core.package_identification:_identify(rgbd) by extension 'colcon_pkg'
[0.293s] Level 1:colcon.colcon_core.package_identification:_identify(rgbd) by extensions ['colcon_meta']
[0.293s] Level 1:colcon.colcon_core.package_identification:_identify(rgbd) by extension 'colcon_meta'
[0.293s] Level 1:colcon.colcon_core.package_identification:_identify(rgbd) by extensions ['ros']
[0.293s] Level 1:colcon.colcon_core.package_identification:_identify(rgbd) by extension 'ros'
[0.293s] Level 1:colcon.colcon_core.package_identification:_identify(rgbd) by extensions ['cmake', 'python']
[0.293s] Level 1:colcon.colcon_core.package_identification:_identify(rgbd) by extension 'cmake'
[0.293s] Level 1:colcon.colcon_core.package_identification:_identify(rgbd) by extension 'python'
[0.293s] Level 1:colcon.colcon_core.package_identification:_identify(rgbd) by extensions ['python_setup_py']
[0.293s] Level 1:colcon.colcon_core.package_identification:_identify(rgbd) by extension 'python_setup_py'
[0.293s] Level 1:colcon.colcon_core.package_identification:_identify(stereo) by extensions ['ignore', 'ignore_ament_install']
[0.294s] Level 1:colcon.colcon_core.package_identification:_identify(stereo) by extension 'ignore'
[0.294s] Level 1:colcon.colcon_core.package_identification:_identify(stereo) by extension 'ignore_ament_install'
[0.294s] Level 1:colcon.colcon_core.package_identification:_identify(stereo) by extensions ['colcon_pkg']
[0.294s] Level 1:colcon.colcon_core.package_identification:_identify(stereo) by extension 'colcon_pkg'
[0.294s] Level 1:colcon.colcon_core.package_identification:_identify(stereo) by extensions ['colcon_meta']
[0.294s] Level 1:colcon.colcon_core.package_identification:_identify(stereo) by extension 'colcon_meta'
[0.294s] Level 1:colcon.colcon_core.package_identification:_identify(stereo) by extensions ['ros']
[0.294s] Level 1:colcon.colcon_core.package_identification:_identify(stereo) by extension 'ros'
[0.294s] Level 1:colcon.colcon_core.package_identification:_identify(stereo) by extensions ['cmake', 'python']
[0.294s] Level 1:colcon.colcon_core.package_identification:_identify(stereo) by extension 'cmake'
[0.294s] Level 1:colcon.colcon_core.package_identification:_identify(stereo) by extension 'python'
[0.294s] Level 1:colcon.colcon_core.package_identification:_identify(stereo) by extensions ['python_setup_py']
[0.294s] Level 1:colcon.colcon_core.package_identification:_identify(stereo) by extension 'python_setup_py'
[0.294s] Level 1:colcon.colcon_core.package_identification:_identify(stereo-inertial) by extensions ['ignore', 'ignore_ament_install']
[0.294s] Level 1:colcon.colcon_core.package_identification:_identify(stereo-inertial) by extension 'ignore'
[0.294s] Level 1:colcon.colcon_core.package_identification:_identify(stereo-inertial) by extension 'ignore_ament_install'
[0.294s] Level 1:colcon.colcon_core.package_identification:_identify(stereo-inertial) by extensions ['colcon_pkg']
[0.294s] Level 1:colcon.colcon_core.package_identification:_identify(stereo-inertial) by extension 'colcon_pkg'
[0.294s] Level 1:colcon.colcon_core.package_identification:_identify(stereo-inertial) by extensions ['colcon_meta']
[0.294s] Level 1:colcon.colcon_core.package_identification:_identify(stereo-inertial) by extension 'colcon_meta'
[0.294s] Level 1:colcon.colcon_core.package_identification:_identify(stereo-inertial) by extensions ['ros']
[0.294s] Level 1:colcon.colcon_core.package_identification:_identify(stereo-inertial) by extension 'ros'
[0.294s] Level 1:colcon.colcon_core.package_identification:_identify(stereo-inertial) by extensions ['cmake', 'python']
[0.294s] Level 1:colcon.colcon_core.package_identification:_identify(stereo-inertial) by extension 'cmake'
[0.295s] Level 1:colcon.colcon_core.package_identification:_identify(stereo-inertial) by extension 'python'
[0.295s] Level 1:colcon.colcon_core.package_identification:_identify(stereo-inertial) by extensions ['python_setup_py']
[0.295s] Level 1:colcon.colcon_core.package_identification:_identify(stereo-inertial) by extension 'python_setup_py'
[0.295s] Level 1:colcon.colcon_core.package_discovery:discover_packages(recursive) using defaults
[0.295s] Level 1:colcon.colcon_core.package_discovery:discover_packages(ignore) discover
[0.295s] Level 1:colcon.colcon_core.package_discovery:discover_packages(ignore) using defaults
[0.295s] Level 1:colcon.colcon_core.package_discovery:discover_packages(path) discover
[0.295s] Level 1:colcon.colcon_core.package_discovery:discover_packages(path) using defaults
[0.323s] Level 1:colcon.colcon_core.package_discovery:discover_packages(prefix_path) check parameters
[0.323s] Level 1:colcon.colcon_core.package_discovery:discover_packages(prefix_path) discover
[0.326s] DEBUG:colcon.colcon_installed_package_information.package_discovery:Found 3 installed packages in /home/jeppe/Desktop/Bachelor/colcon_ws/install
[0.326s] DEBUG:colcon.colcon_installed_package_information.package_discovery:Found 1 installed packages in /home/jeppe/Desktop/Bachelor/colcon_ws/src/install
[0.328s] DEBUG:colcon.colcon_installed_package_information.package_discovery:Found 279 installed packages in /opt/ros/humble
[0.329s] Level 1:colcon.colcon_core.package_discovery:discover_packages(prefix_path) using defaults
[0.365s] INFO:colcon.colcon_core.executor:Executing jobs using 'parallel' executor
[0.366s] DEBUG:colcon.colcon_parallel_executor.executor.parallel:run_until_complete
[0.366s] DEBUG:colcon.colcon_parallel_executor.executor.parallel:closing loop
[0.366s] DEBUG:colcon.colcon_parallel_executor.executor.parallel:loop closed
[0.366s] DEBUG:colcon.colcon_parallel_executor.executor.parallel:run_until_complete finished with '0'
[0.366s] DEBUG:colcon.colcon_core.event_reactor:joining thread
[0.372s] INFO:colcon.colcon_core.plugin_system:Skipping extension 'colcon_notification.desktop_notification.terminal_notifier': Not used on non-Darwin systems
[0.372s] INFO:colcon.colcon_core.plugin_system:Skipping extension 'colcon_notification.desktop_notification.win32': Not used on non-Windows systems
[0.373s] INFO:colcon.colcon_notification.desktop_notification:Sending desktop notification using 'notify2'
[0.389s] DEBUG:colcon.colcon_core.event_reactor:joined thread
[0.391s] INFO:colcon.colcon_core.plugin_system:Skipping extension 'colcon_core.shell.bat': Not used on non-Windows systems
[0.391s] INFO:colcon.colcon_core.shell:Creating prefix script '/home/jeppe/Desktop/Bachelor/colcon_ws/src/orbslam3_ros2/src/install/local_setup.ps1'
[0.392s] INFO:colcon.colcon_core.shell:Creating prefix util module '/home/jeppe/Desktop/Bachelor/colcon_ws/src/orbslam3_ros2/src/install/_local_setup_util_ps1.py'
[0.393s] INFO:colcon.colcon_core.shell:Creating prefix chain script '/home/jeppe/Desktop/Bachelor/colcon_ws/src/orbslam3_ros2/src/install/setup.ps1'
[0.395s] INFO:colcon.colcon_core.shell:Creating prefix script '/home/jeppe/Desktop/Bachelor/colcon_ws/src/orbslam3_ros2/src/install/local_setup.sh'
[0.395s] INFO:colcon.colcon_core.shell:Creating prefix util module '/home/jeppe/Desktop/Bachelor/colcon_ws/src/orbslam3_ros2/src/install/_local_setup_util_sh.py'
[0.396s] INFO:colcon.colcon_core.shell:Creating prefix chain script '/home/jeppe/Desktop/Bachelor/colcon_ws/src/orbslam3_ros2/src/install/setup.sh'
[0.398s] INFO:colcon.colcon_core.shell:Creating prefix script '/home/jeppe/Desktop/Bachelor/colcon_ws/src/orbslam3_ros2/src/install/local_setup.bash'
[0.398s] INFO:colcon.colcon_core.shell:Creating prefix chain script '/home/jeppe/Desktop/Bachelor/colcon_ws/src/orbslam3_ros2/src/install/setup.bash'
[0.399s] INFO:colcon.colcon_core.shell:Creating prefix script '/home/jeppe/Desktop/Bachelor/colcon_ws/src/orbslam3_ros2/src/install/local_setup.zsh'
[0.400s] INFO:colcon.colcon_core.shell:Creating prefix chain script '/home/jeppe/Desktop/Bachelor/colcon_ws/src/orbslam3_ros2/src/install/setup.zsh'
